2023-11-08 10:18:02,766 - INFO    : Set export strategy to KittiFormat.
2023-11-08 10:18:02,766 - INFO    : Saving rotations relatively to positve x-axis in radians (-pi..+pi).
2023-11-08 10:18:03,001 - INFO    : Deactivated floor grid (SHOW_FLOOR: False).
2023-11-08 10:18:03,954 - INFO    : Loading next point cloud...
2023-11-08 10:18:03,955 - INFO    : Loading point cloud from pointclouds\scene_5\1698988588.686548789.pcd using Open3DHandler.
2023-11-08 10:18:03,956 - INFO    : =========================================== Loading 1698988588.686548789.pcd ===========================================
2023-11-08 10:18:03,985 - INFO    : Generated colors for colorless point cloud based on height.
2023-11-08 10:18:03,985 - INFO    : Successfully loaded point cloud from pointclouds\scene_5\1698988588.686548789.pcd!
2023-11-08 10:18:03,986 - INFO    : Number of Points:                   14470                      
2023-11-08 10:18:03,986 - INFO    : Number of Colors:                   14470                      
2023-11-08 10:18:03,986 - INFO    : Point Cloud Center:                 [ 1.66 -0.38 -1.27]                 
2023-11-08 10:18:03,986 - INFO    : Point Cloud Minimums:               [-36.91 -42.95  -3.61]              
2023-11-08 10:18:03,987 - INFO    : Point Cloud Maximums:               [ 3.071e+01  2.491e+01 -3.000e-02]  
2023-11-08 10:18:03,987 - INFO    : Initial Translation:                [ -1.66   0.38 -88.73]              
2023-11-08 10:18:03,987 - INFO    : ========================================================================================================================
2023-11-08 10:18:03,987 - WARNING : There is currently no active bounding box to manipulate.
2023-11-08 10:18:03,987 - WARNING : There is currently no active bounding box to manipulate.
2023-11-08 10:18:03,988 - WARNING : There is currently no active bounding box to manipulate.
2023-11-08 10:18:03,988 - WARNING : There is currently no active bounding box to manipulate.
2023-11-08 10:18:03,988 - WARNING : There is currently no active bounding box to manipulate.
2023-11-08 10:18:03,988 - INFO    : Alignmode was changed to False!
2023-11-08 10:18:03,988 - INFO    : Imported 4 labels from labels\Max\1698988588.686548789.txt.
2023-11-08 10:18:03,988 - INFO    : Loaded 4 bboxes!
2023-11-08 10:18:03,988 - WARNING : There is currently no active bounding box to manipulate.
2023-11-08 10:18:03,988 - WARNING : There is currently no active bounding box to manipulate.
2023-11-08 10:18:03,988 - WARNING : There is currently no active bounding box to manipulate.
2023-11-08 10:18:03,988 - WARNING : There is currently no active bounding box to manipulate.
2023-11-08 10:18:03,988 - WARNING : There is currently no active bounding box to manipulate.
2023-11-08 10:18:03,988 - WARNING : There is currently no active bounding box to manipulate.
2023-11-08 10:18:03,998 - INFO    : Intialized widget.
2023-11-08 10:18:04,001 - INFO    : Resized widget.
2023-11-08 10:18:04,031 - INFO    : Showing GUI...
2023-11-08 10:18:04,033 - INFO    : Resized widget.
2023-11-08 10:18:04,080 - INFO    : Resized widget.
2023-11-08 10:18:08,322 - INFO    : Loading next point cloud...
2023-11-08 10:18:08,322 - INFO    : Saved current perspective (Perspective(translation=(-1.66349194993953, 0.3802201213718037, -29.932234121242097), rotation=(0, 0, 0))).
2023-11-08 10:18:08,322 - INFO    : Loading point cloud from pointclouds\scene_5\1698988588.786404024.pcd using Open3DHandler.
2023-11-08 10:18:08,322 - INFO    : =========================================== Loading 1698988588.786404024.pcd ===========================================
2023-11-08 10:18:08,354 - INFO    : Generated colors for colorless point cloud based on height.
2023-11-08 10:18:08,354 - INFO    : Successfully loaded point cloud from pointclouds\scene_5\1698988588.786404024.pcd!
2023-11-08 10:18:08,354 - INFO    : Number of Points:                   14482                      
2023-11-08 10:18:08,354 - INFO    : Number of Colors:                   14482                      
2023-11-08 10:18:08,354 - INFO    : Point Cloud Center:                 [ 1.66 -0.37 -1.27]                 
2023-11-08 10:18:08,354 - INFO    : Point Cloud Minimums:               [-36.89 -42.91  -3.94]              
2023-11-08 10:18:08,354 - INFO    : Point Cloud Maximums:               [ 3.070e+01  2.491e+01 -3.000e-02]  
2023-11-08 10:18:08,354 - INFO    : Initial Translation:                [ -1.66   0.38 -29.93]              
2023-11-08 10:18:08,354 - INFO    : ========================================================================================================================
2023-11-08 10:18:08,354 - WARNING : There is currently no active bounding box to manipulate.
2023-11-08 10:18:08,354 - WARNING : There is currently no active bounding box to manipulate.
2023-11-08 10:18:08,354 - WARNING : There is currently no active bounding box to manipulate.
2023-11-08 10:18:08,354 - WARNING : There is currently no active bounding box to manipulate.
2023-11-08 10:18:08,354 - WARNING : There is currently no active bounding box to manipulate.
2023-11-08 10:18:08,354 - WARNING : There is currently no active bounding box to manipulate.
2023-11-08 10:18:08,354 - INFO    : Alignmode was changed to False!
2023-11-08 10:18:08,354 - INFO    : Imported 4 labels from labels\Max\1698988588.786404024.txt.
2023-11-08 10:18:08,354 - INFO    : Loaded 4 bboxes!
2023-11-08 10:18:08,354 - WARNING : There is currently no active bounding box to manipulate.
2023-11-08 10:18:08,354 - WARNING : There is currently no active bounding box to manipulate.
2023-11-08 10:18:08,354 - WARNING : There is currently no active bounding box to manipulate.
2023-11-08 10:18:09,651 - INFO    : File labels\Max\1698988588.786404024.txt already exists, replacing file ...
2023-11-08 10:18:09,651 - INFO    : Exported 4 labels to labels\Max\1698988588.786404024.txt in KittiFormat formatting!
2023-11-08 10:18:09,651 - INFO    : Loading previous point cloud...
2023-11-08 10:18:09,651 - INFO    : Saved current perspective (Perspective(translation=(-1.66349194993953, 0.3802201213718037, -29.932234121242097), rotation=(0, 0, 0))).
2023-11-08 10:18:09,651 - INFO    : Loading point cloud from pointclouds\scene_5\1698988588.686548789.pcd using Open3DHandler.
2023-11-08 10:18:09,651 - INFO    : =========================================== Loading 1698988588.686548789.pcd ===========================================
2023-11-08 10:18:09,682 - INFO    : Generated colors for colorless point cloud based on height.
2023-11-08 10:18:09,682 - INFO    : Successfully loaded point cloud from pointclouds\scene_5\1698988588.686548789.pcd!
2023-11-08 10:18:09,682 - INFO    : Number of Points:                   14470                      
2023-11-08 10:18:09,682 - INFO    : Number of Colors:                   14470                      
2023-11-08 10:18:09,682 - INFO    : Point Cloud Center:                 [ 1.66 -0.38 -1.27]                 
2023-11-08 10:18:09,682 - INFO    : Point Cloud Minimums:               [-36.91 -42.95  -3.61]              
2023-11-08 10:18:09,682 - INFO    : Point Cloud Maximums:               [ 3.071e+01  2.491e+01 -3.000e-02]  
2023-11-08 10:18:09,682 - INFO    : Initial Translation:                [ -1.66   0.38 -29.93]              
2023-11-08 10:18:09,682 - INFO    : ========================================================================================================================
2023-11-08 10:18:09,682 - WARNING : There is currently no active bounding box to manipulate.
2023-11-08 10:18:09,682 - WARNING : There is currently no active bounding box to manipulate.
2023-11-08 10:18:09,682 - WARNING : There is currently no active bounding box to manipulate.
2023-11-08 10:18:09,682 - WARNING : There is currently no active bounding box to manipulate.
2023-11-08 10:18:09,682 - WARNING : There is currently no active bounding box to manipulate.
2023-11-08 10:18:09,682 - WARNING : There is currently no active bounding box to manipulate.
2023-11-08 10:18:09,682 - INFO    : Alignmode was changed to False!
2023-11-08 10:18:09,682 - INFO    : Imported 4 labels from labels\Max\1698988588.686548789.txt.
2023-11-08 10:18:09,682 - INFO    : Loaded 4 bboxes!
2023-11-08 10:18:09,682 - WARNING : There is currently no active bounding box to manipulate.
2023-11-08 10:18:09,682 - WARNING : There is currently no active bounding box to manipulate.
2023-11-08 10:18:09,682 - WARNING : There is currently no active bounding box to manipulate.
2023-11-08 10:18:11,417 - INFO    : Loading next point cloud...
2023-11-08 10:18:11,417 - INFO    : Saved current perspective (Perspective(translation=(-1.66349194993953, 0.3802201213718037, -29.932234121242097), rotation=(0, 0, 0))).
2023-11-08 10:18:11,417 - INFO    : Loading point cloud from pointclouds\scene_5\1698988588.786404024.pcd using Open3DHandler.
2023-11-08 10:18:11,417 - INFO    : =========================================== Loading 1698988588.786404024.pcd ===========================================
2023-11-08 10:18:11,448 - INFO    : Generated colors for colorless point cloud based on height.
2023-11-08 10:18:11,448 - INFO    : Successfully loaded point cloud from pointclouds\scene_5\1698988588.786404024.pcd!
2023-11-08 10:18:11,448 - INFO    : Number of Points:                   14482                      
2023-11-08 10:18:11,448 - INFO    : Number of Colors:                   14482                      
2023-11-08 10:18:11,448 - INFO    : Point Cloud Center:                 [ 1.66 -0.37 -1.27]                 
2023-11-08 10:18:11,448 - INFO    : Point Cloud Minimums:               [-36.89 -42.91  -3.94]              
2023-11-08 10:18:11,448 - INFO    : Point Cloud Maximums:               [ 3.070e+01  2.491e+01 -3.000e-02]  
2023-11-08 10:18:11,448 - INFO    : Initial Translation:                [ -1.66   0.38 -29.93]              
2023-11-08 10:18:11,448 - INFO    : ========================================================================================================================
2023-11-08 10:18:11,448 - WARNING : There is currently no active bounding box to manipulate.
2023-11-08 10:18:11,448 - WARNING : There is currently no active bounding box to manipulate.
2023-11-08 10:18:11,448 - WARNING : There is currently no active bounding box to manipulate.
2023-11-08 10:18:11,448 - WARNING : There is currently no active bounding box to manipulate.
2023-11-08 10:18:11,448 - WARNING : There is currently no active bounding box to manipulate.
2023-11-08 10:18:11,448 - WARNING : There is currently no active bounding box to manipulate.
2023-11-08 10:18:11,448 - INFO    : Alignmode was changed to False!
2023-11-08 10:18:11,464 - INFO    : Imported 4 labels from labels\Max\1698988588.786404024.txt.
2023-11-08 10:18:11,464 - INFO    : Loaded 4 bboxes!
2023-11-08 10:18:11,464 - WARNING : There is currently no active bounding box to manipulate.
2023-11-08 10:18:11,464 - WARNING : There is currently no active bounding box to manipulate.
2023-11-08 10:18:11,464 - WARNING : There is currently no active bounding box to manipulate.
2023-11-08 10:18:11,839 - INFO    : Loading next point cloud...
2023-11-08 10:18:11,839 - INFO    : Saved current perspective (Perspective(translation=(-1.66349194993953, 0.3802201213718037, -29.932234121242097), rotation=(0, 0, 0))).
2023-11-08 10:18:11,839 - INFO    : Loading point cloud from pointclouds\scene_5\1698988588.888093737.pcd using Open3DHandler.
2023-11-08 10:18:11,839 - INFO    : =========================================== Loading 1698988588.888093737.pcd ===========================================
2023-11-08 10:18:11,870 - INFO    : Generated colors for colorless point cloud based on height.
2023-11-08 10:18:11,870 - INFO    : Successfully loaded point cloud from pointclouds\scene_5\1698988588.888093737.pcd!
2023-11-08 10:18:11,870 - INFO    : Number of Points:                   14437                      
2023-11-08 10:18:11,870 - INFO    : Number of Colors:                   14437                      
2023-11-08 10:18:11,870 - INFO    : Point Cloud Center:                 [ 1.67 -0.37 -1.27]                 
2023-11-08 10:18:11,870 - INFO    : Point Cloud Minimums:               [-36.89 -42.89  -3.93]              
2023-11-08 10:18:11,870 - INFO    : Point Cloud Maximums:               [ 3.073e+01  2.493e+01 -3.000e-02]  
2023-11-08 10:18:11,870 - INFO    : Initial Translation:                [ -1.66   0.38 -29.93]              
2023-11-08 10:18:11,870 - INFO    : ========================================================================================================================
2023-11-08 10:18:11,870 - WARNING : There is currently no active bounding box to manipulate.
2023-11-08 10:18:11,870 - WARNING : There is currently no active bounding box to manipulate.
2023-11-08 10:18:11,870 - WARNING : There is currently no active bounding box to manipulate.
2023-11-08 10:18:11,870 - WARNING : There is currently no active bounding box to manipulate.
2023-11-08 10:18:11,870 - WARNING : There is currently no active bounding box to manipulate.
2023-11-08 10:18:11,870 - WARNING : There is currently no active bounding box to manipulate.
2023-11-08 10:18:11,870 - INFO    : Alignmode was changed to False!
2023-11-08 10:18:11,870 - INFO    : Imported 4 labels from labels\Max\1698988588.888093737.txt.
2023-11-08 10:18:11,870 - INFO    : Loaded 4 bboxes!
2023-11-08 10:18:11,870 - WARNING : There is currently no active bounding box to manipulate.
2023-11-08 10:18:11,870 - WARNING : There is currently no active bounding box to manipulate.
2023-11-08 10:18:11,870 - WARNING : There is currently no active bounding box to manipulate.
2023-11-08 10:18:12,448 - INFO    : Loading next point cloud...
2023-11-08 10:18:12,448 - INFO    : Saved current perspective (Perspective(translation=(-1.66349194993953, 0.3802201213718037, -29.932234121242097), rotation=(0, 0, 0))).
2023-11-08 10:18:12,448 - INFO    : Loading point cloud from pointclouds\scene_5\1698988588.987177676.pcd using Open3DHandler.
2023-11-08 10:18:12,448 - INFO    : =========================================== Loading 1698988588.987177676.pcd ===========================================
2023-11-08 10:18:12,480 - INFO    : Generated colors for colorless point cloud based on height.
2023-11-08 10:18:12,480 - INFO    : Successfully loaded point cloud from pointclouds\scene_5\1698988588.987177676.pcd!
2023-11-08 10:18:12,480 - INFO    : Number of Points:                   14482                      
2023-11-08 10:18:12,480 - INFO    : Number of Colors:                   14482                      
2023-11-08 10:18:12,480 - INFO    : Point Cloud Center:                 [ 1.65 -0.37 -1.27]                 
2023-11-08 10:18:12,480 - INFO    : Point Cloud Minimums:               [-36.91 -42.91  -3.93]              
2023-11-08 10:18:12,480 - INFO    : Point Cloud Maximums:               [ 3.069e+01  2.490e+01 -3.000e-02]  
2023-11-08 10:18:12,480 - INFO    : Initial Translation:                [ -1.66   0.38 -29.93]              
2023-11-08 10:18:12,480 - INFO    : ========================================================================================================================
2023-11-08 10:18:12,480 - WARNING : There is currently no active bounding box to manipulate.
2023-11-08 10:18:12,480 - WARNING : There is currently no active bounding box to manipulate.
2023-11-08 10:18:12,480 - WARNING : There is currently no active bounding box to manipulate.
2023-11-08 10:18:12,480 - WARNING : There is currently no active bounding box to manipulate.
2023-11-08 10:18:12,480 - WARNING : There is currently no active bounding box to manipulate.
2023-11-08 10:18:12,480 - WARNING : There is currently no active bounding box to manipulate.
2023-11-08 10:18:12,480 - INFO    : Alignmode was changed to False!
2023-11-08 10:18:12,480 - INFO    : Imported 4 labels from labels\Max\1698988588.987177676.txt.
2023-11-08 10:18:12,480 - INFO    : Loaded 4 bboxes!
2023-11-08 10:18:12,480 - WARNING : There is currently no active bounding box to manipulate.
2023-11-08 10:18:12,480 - WARNING : There is currently no active bounding box to manipulate.
2023-11-08 10:18:12,480 - WARNING : There is currently no active bounding box to manipulate.
2023-11-08 10:18:12,995 - INFO    : Loading next point cloud...
2023-11-08 10:18:12,995 - INFO    : Saved current perspective (Perspective(translation=(-1.66349194993953, 0.3802201213718037, -29.932234121242097), rotation=(0, 0, 0))).
2023-11-08 10:18:12,995 - INFO    : Loading point cloud from pointclouds\scene_5\1698988589.086489628.pcd using Open3DHandler.
2023-11-08 10:18:12,995 - INFO    : =========================================== Loading 1698988589.086489628.pcd ===========================================
2023-11-08 10:18:13,026 - INFO    : Generated colors for colorless point cloud based on height.
2023-11-08 10:18:13,026 - INFO    : Successfully loaded point cloud from pointclouds\scene_5\1698988589.086489628.pcd!
2023-11-08 10:18:13,026 - INFO    : Number of Points:                14466                   
2023-11-08 10:18:13,026 - INFO    : Number of Colors:                14466                   
2023-11-08 10:18:13,026 - INFO    : Point Cloud Center:              [ 1.67 -0.38 -1.27]              
2023-11-08 10:18:13,026 - INFO    : Point Cloud Minimums:            [-36.89 -42.85  -3.92]           
2023-11-08 10:18:13,026 - INFO    : Point Cloud Maximums:            [ 3.07e+01  2.49e+01 -3.00e-02]  
2023-11-08 10:18:13,026 - INFO    : Initial Translation:             [ -1.66   0.38 -29.93]           
2023-11-08 10:18:13,026 - INFO    : ========================================================================================================================
2023-11-08 10:18:13,026 - WARNING : There is currently no active bounding box to manipulate.
2023-11-08 10:18:13,026 - WARNING : There is currently no active bounding box to manipulate.
2023-11-08 10:18:13,026 - WARNING : There is currently no active bounding box to manipulate.
2023-11-08 10:18:13,026 - WARNING : There is currently no active bounding box to manipulate.
2023-11-08 10:18:13,026 - WARNING : There is currently no active bounding box to manipulate.
2023-11-08 10:18:13,026 - WARNING : There is currently no active bounding box to manipulate.
2023-11-08 10:18:13,026 - INFO    : Alignmode was changed to False!
2023-11-08 10:18:13,026 - INFO    : Imported 4 labels from labels\Max\1698988589.086489628.txt.
2023-11-08 10:18:13,026 - INFO    : Loaded 4 bboxes!
2023-11-08 10:18:13,026 - WARNING : There is currently no active bounding box to manipulate.
2023-11-08 10:18:13,026 - WARNING : There is currently no active bounding box to manipulate.
2023-11-08 10:18:13,026 - WARNING : There is currently no active bounding box to manipulate.
2023-11-08 10:18:13,448 - INFO    : Loading next point cloud...
2023-11-08 10:18:13,448 - INFO    : Saved current perspective (Perspective(translation=(-1.66349194993953, 0.3802201213718037, -29.932234121242097), rotation=(0, 0, 0))).
2023-11-08 10:18:13,448 - INFO    : Loading point cloud from pointclouds\scene_5\1698988589.186494965.pcd using Open3DHandler.
2023-11-08 10:18:13,448 - INFO    : =========================================== Loading 1698988589.186494965.pcd ===========================================
2023-11-08 10:18:13,480 - INFO    : Generated colors for colorless point cloud based on height.
2023-11-08 10:18:13,480 - INFO    : Successfully loaded point cloud from pointclouds\scene_5\1698988589.186494965.pcd!
2023-11-08 10:18:13,480 - INFO    : Number of Points:                   14484                      
2023-11-08 10:18:13,480 - INFO    : Number of Colors:                   14484                      
2023-11-08 10:18:13,480 - INFO    : Point Cloud Center:                 [ 1.66 -0.37 -1.27]                 
2023-11-08 10:18:13,480 - INFO    : Point Cloud Minimums:               [-36.91 -42.98  -3.92]              
2023-11-08 10:18:13,480 - INFO    : Point Cloud Maximums:               [ 3.070e+01  2.491e+01 -3.000e-02]  
2023-11-08 10:18:13,480 - INFO    : Initial Translation:                [ -1.66   0.38 -29.93]              
2023-11-08 10:18:13,480 - INFO    : ========================================================================================================================
2023-11-08 10:18:13,480 - WARNING : There is currently no active bounding box to manipulate.
2023-11-08 10:18:13,480 - WARNING : There is currently no active bounding box to manipulate.
2023-11-08 10:18:13,480 - WARNING : There is currently no active bounding box to manipulate.
2023-11-08 10:18:13,480 - WARNING : There is currently no active bounding box to manipulate.
2023-11-08 10:18:13,480 - WARNING : There is currently no active bounding box to manipulate.
2023-11-08 10:18:13,480 - WARNING : There is currently no active bounding box to manipulate.
2023-11-08 10:18:13,480 - INFO    : Alignmode was changed to False!
2023-11-08 10:18:13,480 - INFO    : Imported 4 labels from labels\Max\1698988589.186494965.txt.
2023-11-08 10:18:13,480 - INFO    : Loaded 4 bboxes!
2023-11-08 10:18:13,480 - WARNING : There is currently no active bounding box to manipulate.
2023-11-08 10:18:13,480 - WARNING : There is currently no active bounding box to manipulate.
2023-11-08 10:18:13,480 - WARNING : There is currently no active bounding box to manipulate.
2023-11-08 10:18:13,903 - INFO    : Loading next point cloud...
2023-11-08 10:18:13,903 - INFO    : Saved current perspective (Perspective(translation=(-1.66349194993953, 0.3802201213718037, -29.932234121242097), rotation=(0, 0, 0))).
2023-11-08 10:18:13,903 - INFO    : Loading point cloud from pointclouds\scene_5\1698988589.286521570.pcd using Open3DHandler.
2023-11-08 10:18:13,903 - INFO    : =========================================== Loading 1698988589.286521570.pcd ===========================================
2023-11-08 10:18:13,934 - INFO    : Generated colors for colorless point cloud based on height.
2023-11-08 10:18:13,934 - INFO    : Successfully loaded point cloud from pointclouds\scene_5\1698988589.286521570.pcd!
2023-11-08 10:18:13,934 - INFO    : Number of Points:                   14460                      
2023-11-08 10:18:13,934 - INFO    : Number of Colors:                   14460                      
2023-11-08 10:18:13,934 - INFO    : Point Cloud Center:                 [ 1.67 -0.38 -1.27]                 
2023-11-08 10:18:13,934 - INFO    : Point Cloud Minimums:               [-36.9  -42.87  -3.92]              
2023-11-08 10:18:13,934 - INFO    : Point Cloud Maximums:               [ 3.069e+01  2.492e+01 -3.000e-02]  
2023-11-08 10:18:13,934 - INFO    : Initial Translation:                [ -1.66   0.38 -29.93]              
2023-11-08 10:18:13,934 - INFO    : ========================================================================================================================
2023-11-08 10:18:13,934 - WARNING : There is currently no active bounding box to manipulate.
2023-11-08 10:18:13,934 - WARNING : There is currently no active bounding box to manipulate.
2023-11-08 10:18:13,934 - WARNING : There is currently no active bounding box to manipulate.
2023-11-08 10:18:13,934 - WARNING : There is currently no active bounding box to manipulate.
2023-11-08 10:18:13,934 - WARNING : There is currently no active bounding box to manipulate.
2023-11-08 10:18:13,934 - WARNING : There is currently no active bounding box to manipulate.
2023-11-08 10:18:13,934 - INFO    : Alignmode was changed to False!
2023-11-08 10:18:13,934 - INFO    : Imported 4 labels from labels\Max\1698988589.286521570.txt.
2023-11-08 10:18:13,934 - INFO    : Loaded 4 bboxes!
2023-11-08 10:18:13,934 - WARNING : There is currently no active bounding box to manipulate.
2023-11-08 10:18:13,934 - WARNING : There is currently no active bounding box to manipulate.
2023-11-08 10:18:13,934 - WARNING : There is currently no active bounding box to manipulate.
2023-11-08 10:18:14,345 - INFO    : Loading next point cloud...
2023-11-08 10:18:14,345 - INFO    : Saved current perspective (Perspective(translation=(-1.66349194993953, 0.3802201213718037, -29.932234121242097), rotation=(0, 0, 0))).
2023-11-08 10:18:14,345 - INFO    : Loading point cloud from pointclouds\scene_5\1698988589.386992432.pcd using Open3DHandler.
2023-11-08 10:18:14,345 - INFO    : =========================================== Loading 1698988589.386992432.pcd ===========================================
2023-11-08 10:18:14,373 - INFO    : Generated colors for colorless point cloud based on height.
2023-11-08 10:18:14,373 - INFO    : Successfully loaded point cloud from pointclouds\scene_5\1698988589.386992432.pcd!
2023-11-08 10:18:14,373 - INFO    : Number of Points:                   14429                      
2023-11-08 10:18:14,373 - INFO    : Number of Colors:                   14429                      
2023-11-08 10:18:14,373 - INFO    : Point Cloud Center:                 [ 1.67 -0.38 -1.27]                 
2023-11-08 10:18:14,373 - INFO    : Point Cloud Minimums:               [-36.88 -42.94  -3.9 ]              
2023-11-08 10:18:14,373 - INFO    : Point Cloud Maximums:               [ 3.071e+01  2.491e+01 -3.000e-02]  
2023-11-08 10:18:14,373 - INFO    : Initial Translation:                [ -1.66   0.38 -29.93]              
2023-11-08 10:18:14,373 - INFO    : ========================================================================================================================
2023-11-08 10:18:14,373 - WARNING : There is currently no active bounding box to manipulate.
2023-11-08 10:18:14,373 - WARNING : There is currently no active bounding box to manipulate.
2023-11-08 10:18:14,373 - WARNING : There is currently no active bounding box to manipulate.
2023-11-08 10:18:14,373 - WARNING : There is currently no active bounding box to manipulate.
2023-11-08 10:18:14,373 - WARNING : There is currently no active bounding box to manipulate.
2023-11-08 10:18:14,373 - WARNING : There is currently no active bounding box to manipulate.
2023-11-08 10:18:14,373 - INFO    : Alignmode was changed to False!
2023-11-08 10:18:14,373 - INFO    : Imported 4 labels from labels\Max\1698988589.386992432.txt.
2023-11-08 10:18:14,373 - INFO    : Loaded 4 bboxes!
2023-11-08 10:18:14,373 - WARNING : There is currently no active bounding box to manipulate.
2023-11-08 10:18:14,373 - WARNING : There is currently no active bounding box to manipulate.
2023-11-08 10:18:14,373 - WARNING : There is currently no active bounding box to manipulate.
2023-11-08 10:18:14,749 - INFO    : Loading next point cloud...
2023-11-08 10:18:14,765 - INFO    : Saved current perspective (Perspective(translation=(-1.66349194993953, 0.3802201213718037, -29.932234121242097), rotation=(0, 0, 0))).
2023-11-08 10:18:14,765 - INFO    : Loading point cloud from pointclouds\scene_5\1698988589.486607377.pcd using Open3DHandler.
2023-11-08 10:18:14,765 - INFO    : =========================================== Loading 1698988589.486607377.pcd ===========================================
2023-11-08 10:18:14,781 - INFO    : Generated colors for colorless point cloud based on height.
2023-11-08 10:18:14,781 - INFO    : Successfully loaded point cloud from pointclouds\scene_5\1698988589.486607377.pcd!
2023-11-08 10:18:14,796 - INFO    : Number of Points:                   14441                      
2023-11-08 10:18:14,796 - INFO    : Number of Colors:                   14441                      
2023-11-08 10:18:14,796 - INFO    : Point Cloud Center:                 [ 1.68 -0.37 -1.27]                 
2023-11-08 10:18:14,796 - INFO    : Point Cloud Minimums:               [-36.88 -42.86  -3.95]              
2023-11-08 10:18:14,796 - INFO    : Point Cloud Maximums:               [ 3.071e+01  2.493e+01 -3.000e-02]  
2023-11-08 10:18:14,796 - INFO    : Initial Translation:                [ -1.66   0.38 -29.93]              
2023-11-08 10:18:14,796 - INFO    : ========================================================================================================================
2023-11-08 10:18:14,798 - WARNING : There is currently no active bounding box to manipulate.
2023-11-08 10:18:14,798 - WARNING : There is currently no active bounding box to manipulate.
2023-11-08 10:18:14,798 - WARNING : There is currently no active bounding box to manipulate.
2023-11-08 10:18:14,798 - WARNING : There is currently no active bounding box to manipulate.
2023-11-08 10:18:14,798 - WARNING : There is currently no active bounding box to manipulate.
2023-11-08 10:18:14,798 - WARNING : There is currently no active bounding box to manipulate.
2023-11-08 10:18:14,798 - INFO    : Alignmode was changed to False!
2023-11-08 10:18:14,798 - INFO    : Imported 4 labels from labels\Max\1698988589.486607377.txt.
2023-11-08 10:18:14,798 - INFO    : Loaded 4 bboxes!
2023-11-08 10:18:14,798 - WARNING : There is currently no active bounding box to manipulate.
2023-11-08 10:18:14,798 - WARNING : There is currently no active bounding box to manipulate.
2023-11-08 10:18:14,798 - WARNING : There is currently no active bounding box to manipulate.
2023-11-08 10:18:15,048 - INFO    : Loading next point cloud...
2023-11-08 10:18:15,048 - INFO    : Saved current perspective (Perspective(translation=(-1.66349194993953, 0.3802201213718037, -29.932234121242097), rotation=(0, 0, 0))).
2023-11-08 10:18:15,048 - INFO    : Loading point cloud from pointclouds\scene_5\1698988589.586846844.pcd using Open3DHandler.
2023-11-08 10:18:15,048 - INFO    : =========================================== Loading 1698988589.586846844.pcd ===========================================
2023-11-08 10:18:15,079 - INFO    : Generated colors for colorless point cloud based on height.
2023-11-08 10:18:15,083 - INFO    : Successfully loaded point cloud from pointclouds\scene_5\1698988589.586846844.pcd!
2023-11-08 10:18:15,083 - INFO    : Number of Points:                   14449                      
2023-11-08 10:18:15,083 - INFO    : Number of Colors:                   14449                      
2023-11-08 10:18:15,083 - INFO    : Point Cloud Center:                 [ 1.67 -0.38 -1.27]                 
2023-11-08 10:18:15,083 - INFO    : Point Cloud Minimums:               [-36.89 -42.9   -3.92]              
2023-11-08 10:18:15,083 - INFO    : Point Cloud Maximums:               [ 3.072e+01  2.490e+01 -3.000e-02]  
2023-11-08 10:18:15,083 - INFO    : Initial Translation:                [ -1.66   0.38 -29.93]              
2023-11-08 10:18:15,083 - INFO    : ========================================================================================================================
2023-11-08 10:18:15,083 - WARNING : There is currently no active bounding box to manipulate.
2023-11-08 10:18:15,083 - WARNING : There is currently no active bounding box to manipulate.
2023-11-08 10:18:15,083 - WARNING : There is currently no active bounding box to manipulate.
2023-11-08 10:18:15,083 - WARNING : There is currently no active bounding box to manipulate.
2023-11-08 10:18:15,083 - WARNING : There is currently no active bounding box to manipulate.
2023-11-08 10:18:15,083 - WARNING : There is currently no active bounding box to manipulate.
2023-11-08 10:18:15,083 - INFO    : Alignmode was changed to False!
2023-11-08 10:18:15,083 - INFO    : Imported 4 labels from labels\Max\1698988589.586846844.txt.
2023-11-08 10:18:15,083 - INFO    : Loaded 4 bboxes!
2023-11-08 10:18:15,083 - WARNING : There is currently no active bounding box to manipulate.
2023-11-08 10:18:15,083 - WARNING : There is currently no active bounding box to manipulate.
2023-11-08 10:18:15,083 - WARNING : There is currently no active bounding box to manipulate.
2023-11-08 10:18:15,331 - INFO    : Loading next point cloud...
2023-11-08 10:18:15,331 - INFO    : Saved current perspective (Perspective(translation=(-1.66349194993953, 0.3802201213718037, -29.932234121242097), rotation=(0, 0, 0))).
2023-11-08 10:18:15,331 - INFO    : Loading point cloud from pointclouds\scene_5\1698988589.686862970.pcd using Open3DHandler.
2023-11-08 10:18:15,331 - INFO    : =========================================== Loading 1698988589.686862970.pcd ===========================================
2023-11-08 10:18:15,362 - INFO    : Generated colors for colorless point cloud based on height.
2023-11-08 10:18:15,362 - INFO    : Successfully loaded point cloud from pointclouds\scene_5\1698988589.686862970.pcd!
2023-11-08 10:18:15,362 - INFO    : Number of Points:                   14452                      
2023-11-08 10:18:15,362 - INFO    : Number of Colors:                   14452                      
2023-11-08 10:18:15,362 - INFO    : Point Cloud Center:                 [ 1.68 -0.37 -1.27]                 
2023-11-08 10:18:15,362 - INFO    : Point Cloud Minimums:               [-36.92 -42.91  -3.93]              
2023-11-08 10:18:15,362 - INFO    : Point Cloud Maximums:               [ 3.068e+01  2.490e+01 -3.000e-02]  
2023-11-08 10:18:15,362 - INFO    : Initial Translation:                [ -1.66   0.38 -29.93]              
2023-11-08 10:18:15,362 - INFO    : ========================================================================================================================
2023-11-08 10:18:15,362 - WARNING : There is currently no active bounding box to manipulate.
2023-11-08 10:18:15,362 - WARNING : There is currently no active bounding box to manipulate.
2023-11-08 10:18:15,362 - WARNING : There is currently no active bounding box to manipulate.
2023-11-08 10:18:15,362 - WARNING : There is currently no active bounding box to manipulate.
2023-11-08 10:18:15,362 - WARNING : There is currently no active bounding box to manipulate.
2023-11-08 10:18:15,362 - WARNING : There is currently no active bounding box to manipulate.
2023-11-08 10:18:15,362 - INFO    : Alignmode was changed to False!
2023-11-08 10:18:15,362 - INFO    : Imported 4 labels from labels\Max\1698988589.686862970.txt.
2023-11-08 10:18:15,362 - INFO    : Loaded 4 bboxes!
2023-11-08 10:18:15,362 - WARNING : There is currently no active bounding box to manipulate.
2023-11-08 10:18:15,362 - WARNING : There is currently no active bounding box to manipulate.
2023-11-08 10:18:15,362 - WARNING : There is currently no active bounding box to manipulate.
2023-11-08 10:18:15,581 - INFO    : Loading next point cloud...
2023-11-08 10:18:15,581 - INFO    : Saved current perspective (Perspective(translation=(-1.66349194993953, 0.3802201213718037, -29.932234121242097), rotation=(0, 0, 0))).
2023-11-08 10:18:15,581 - INFO    : Loading point cloud from pointclouds\scene_5\1698988589.786950578.pcd using Open3DHandler.
2023-11-08 10:18:15,597 - INFO    : =========================================== Loading 1698988589.786950578.pcd ===========================================
2023-11-08 10:18:15,612 - INFO    : Generated colors for colorless point cloud based on height.
2023-11-08 10:18:15,628 - INFO    : Successfully loaded point cloud from pointclouds\scene_5\1698988589.786950578.pcd!
2023-11-08 10:18:15,628 - INFO    : Number of Points:                   14478                      
2023-11-08 10:18:15,628 - INFO    : Number of Colors:                   14478                      
2023-11-08 10:18:15,628 - INFO    : Point Cloud Center:                 [ 1.67 -0.37 -1.27]                 
2023-11-08 10:18:15,628 - INFO    : Point Cloud Minimums:               [-36.89 -42.93  -3.93]              
2023-11-08 10:18:15,628 - INFO    : Point Cloud Maximums:               [ 3.071e+01  2.491e+01 -3.000e-02]  
2023-11-08 10:18:15,628 - INFO    : Initial Translation:                [ -1.66   0.38 -29.93]              
2023-11-08 10:18:15,628 - INFO    : ========================================================================================================================
2023-11-08 10:18:15,628 - WARNING : There is currently no active bounding box to manipulate.
2023-11-08 10:18:15,630 - WARNING : There is currently no active bounding box to manipulate.
2023-11-08 10:18:15,630 - WARNING : There is currently no active bounding box to manipulate.
2023-11-08 10:18:15,630 - WARNING : There is currently no active bounding box to manipulate.
2023-11-08 10:18:15,630 - WARNING : There is currently no active bounding box to manipulate.
2023-11-08 10:18:15,630 - WARNING : There is currently no active bounding box to manipulate.
2023-11-08 10:18:15,630 - INFO    : Alignmode was changed to False!
2023-11-08 10:18:15,630 - INFO    : Imported 4 labels from labels\Max\1698988589.786950578.txt.
2023-11-08 10:18:15,630 - INFO    : Loaded 4 bboxes!
2023-11-08 10:18:15,630 - WARNING : There is currently no active bounding box to manipulate.
2023-11-08 10:18:15,630 - WARNING : There is currently no active bounding box to manipulate.
2023-11-08 10:18:15,630 - WARNING : There is currently no active bounding box to manipulate.
2023-11-08 10:18:15,832 - INFO    : Loading next point cloud...
2023-11-08 10:18:15,832 - INFO    : Saved current perspective (Perspective(translation=(-1.66349194993953, 0.3802201213718037, -29.932234121242097), rotation=(0, 0, 0))).
2023-11-08 10:18:15,832 - INFO    : Loading point cloud from pointclouds\scene_5\1698988589.886955491.pcd using Open3DHandler.
2023-11-08 10:18:15,832 - INFO    : =========================================== Loading 1698988589.886955491.pcd ===========================================
2023-11-08 10:18:15,863 - INFO    : Generated colors for colorless point cloud based on height.
2023-11-08 10:18:15,863 - INFO    : Successfully loaded point cloud from pointclouds\scene_5\1698988589.886955491.pcd!
2023-11-08 10:18:15,863 - INFO    : Number of Points:                   14469                      
2023-11-08 10:18:15,863 - INFO    : Number of Colors:                   14469                      
2023-11-08 10:18:15,863 - INFO    : Point Cloud Center:                 [ 1.68 -0.37 -1.27]                 
2023-11-08 10:18:15,863 - INFO    : Point Cloud Minimums:               [-36.9  -43.05  -3.92]              
2023-11-08 10:18:15,863 - INFO    : Point Cloud Maximums:               [ 3.070e+01  2.489e+01 -3.000e-02]  
2023-11-08 10:18:15,863 - INFO    : Initial Translation:                [ -1.66   0.38 -29.93]              
2023-11-08 10:18:15,863 - INFO    : ========================================================================================================================
2023-11-08 10:18:15,863 - WARNING : There is currently no active bounding box to manipulate.
2023-11-08 10:18:15,863 - WARNING : There is currently no active bounding box to manipulate.
2023-11-08 10:18:15,863 - WARNING : There is currently no active bounding box to manipulate.
2023-11-08 10:18:15,863 - WARNING : There is currently no active bounding box to manipulate.
2023-11-08 10:18:15,863 - WARNING : There is currently no active bounding box to manipulate.
2023-11-08 10:18:15,863 - WARNING : There is currently no active bounding box to manipulate.
2023-11-08 10:18:15,863 - INFO    : Alignmode was changed to False!
2023-11-08 10:18:15,863 - INFO    : Imported 4 labels from labels\Max\1698988589.886955491.txt.
2023-11-08 10:18:15,863 - INFO    : Loaded 4 bboxes!
2023-11-08 10:18:15,863 - WARNING : There is currently no active bounding box to manipulate.
2023-11-08 10:18:15,863 - WARNING : There is currently no active bounding box to manipulate.
2023-11-08 10:18:15,863 - WARNING : There is currently no active bounding box to manipulate.
2023-11-08 10:18:16,051 - INFO    : Loading next point cloud...
2023-11-08 10:18:16,051 - INFO    : Saved current perspective (Perspective(translation=(-1.66349194993953, 0.3802201213718037, -29.932234121242097), rotation=(0, 0, 0))).
2023-11-08 10:18:16,051 - INFO    : Loading point cloud from pointclouds\scene_5\1698988589.987946537.pcd using Open3DHandler.
2023-11-08 10:18:16,051 - INFO    : =========================================== Loading 1698988589.987946537.pcd ===========================================
2023-11-08 10:18:16,082 - INFO    : Generated colors for colorless point cloud based on height.
2023-11-08 10:18:16,082 - INFO    : Successfully loaded point cloud from pointclouds\scene_5\1698988589.987946537.pcd!
2023-11-08 10:18:16,082 - INFO    : Number of Points:                   14450                      
2023-11-08 10:18:16,082 - INFO    : Number of Colors:                   14450                      
2023-11-08 10:18:16,082 - INFO    : Point Cloud Center:                 [ 1.67 -0.38 -1.27]                 
2023-11-08 10:18:16,082 - INFO    : Point Cloud Minimums:               [-36.92 -42.91  -3.94]              
2023-11-08 10:18:16,082 - INFO    : Point Cloud Maximums:               [ 3.072e+01  2.493e+01 -3.000e-02]  
2023-11-08 10:18:16,082 - INFO    : Initial Translation:                [ -1.66   0.38 -29.93]              
2023-11-08 10:18:16,082 - INFO    : ========================================================================================================================
2023-11-08 10:18:16,082 - WARNING : There is currently no active bounding box to manipulate.
2023-11-08 10:18:16,082 - WARNING : There is currently no active bounding box to manipulate.
2023-11-08 10:18:16,082 - WARNING : There is currently no active bounding box to manipulate.
2023-11-08 10:18:16,098 - WARNING : There is currently no active bounding box to manipulate.
2023-11-08 10:18:16,098 - WARNING : There is currently no active bounding box to manipulate.
2023-11-08 10:18:16,098 - WARNING : There is currently no active bounding box to manipulate.
2023-11-08 10:18:16,098 - INFO    : Alignmode was changed to False!
2023-11-08 10:18:16,098 - INFO    : Imported 4 labels from labels\Max\1698988589.987946537.txt.
2023-11-08 10:18:16,098 - INFO    : Loaded 4 bboxes!
2023-11-08 10:18:16,098 - WARNING : There is currently no active bounding box to manipulate.
2023-11-08 10:18:16,098 - WARNING : There is currently no active bounding box to manipulate.
2023-11-08 10:18:16,098 - WARNING : There is currently no active bounding box to manipulate.
2023-11-08 10:18:18,983 - INFO    : Closing window after saving ...
2023-11-08 10:18:18,983 - INFO    : File labels\Max\1698988589.987946537.txt already exists, replacing file ...
2023-11-08 10:18:18,983 - INFO    : Exported 4 labels to labels\Max\1698988589.987946537.txt in KittiFormat formatting!
